<?xml version="1.0" encoding="UTF-8"?>
<!-- Generated by org.testng.reporters.JUnitXMLReporter -->
<testsuite ignored="0" hostname="LTIN593500" failures="0" tests="17" name="ChromeTest" time="118.607" errors="0" timestamp="2025-04-22T16:52:21 IST">
  <testcase classname="InsuranceAutomation_testClass.CarInsuranceTest" name="testHomePage" time="2.615"/>
  <testcase classname="InsuranceAutomation_testClass.CarInsuranceTest" name="testCarNavigation" time="1.66"/>
  <testcase classname="InsuranceAutomation_testClass.CarInsuranceTest" name="testCarDetailsEntry" time="16.804"/>
  <testcase classname="InsuranceAutomation_testClass.CarInsuranceTest" name="testCarErrorMessages" time="1.382"/>
  <testcase classname="InsuranceAutomation_testClass.HealthInsuranceTest" name="testHomePage" time="2.617"/>
  <testcase classname="InsuranceAutomation_testClass.HealthInsuranceTest" name="testHealthDetailsEntry" time="9.094"/>
  <testcase classname="InsuranceAutomation_testClass.HealthInsuranceTest" name="testHealthErrorMessages" time="4.123"/>
  <testcase classname="InsuranceAutomation_testClass.BikeInsuranceTest" name="testHomePage" time="2.392"/>
  <testcase classname="InsuranceAutomation_testClass.BikeInsuranceTest" name="testBikeNavigation" time="1.358"/>
  <testcase classname="InsuranceAutomation_testClass.BikeInsuranceTest" name="testBikeDetailsEntry" time="8.161"/>
  <testcase classname="InsuranceAutomation_testClass.BikeInsuranceTest" name="testBikeRegistrationDetailsEntry" time="3.113"/>
  <testcase classname="InsuranceAutomation_testClass.BikeInsuranceTest" name="testBikePolicyExpiredDetailsEntry" time="3.422"/>
  <testcase classname="InsuranceAutomation_testClass.BikeInsuranceTest" name="testBikePlanResult" time="2.94"/>
  <testcase classname="InsuranceAutomation_testClass.TermLifeInsuranceTest" name="testHomePage" time="2.252"/>
  <testcase classname="InsuranceAutomation_testClass.TermLifeInsuranceTest" name="testTermLifeNavigation" time="1.325"/>
  <testcase classname="InsuranceAutomation_testClass.TermLifeInsuranceTest" name="testTermLifeDetailsEntry" time="6.576"/>
  <testcase classname="InsuranceAutomation_testClass.TermLifeInsuranceTest" name="testTermLifeErrorMessages" time="0.934"/>
</testsuite> <!-- ChromeTest -->
