<?xml version="1.0" encoding="UTF-8"?>
<!-- Generated by org.testng.reporters.JUnitXMLReporter -->
<testsuite ignored="0" hostname="LTIN593500" failures="0" tests="9" name="FlightSearchTests" time="40.145" errors="0" timestamp="2025-03-27T18:23:42 IST">
  <testcase classname="flightSearchAutomation.Main" name="launchWebsite" time="11.988"/>
  <testcase classname="flightSearchAutomation.Main" name="selectDeparturePlace" time="0.007"/>
  <testcase classname="flightSearchAutomation.Main" name="selectDestinationPlace" time="0.01"/>
  <testcase classname="flightSearchAutomation.Main" name="selectDepartureDate" time="0.006"/>
  <testcase classname="flightSearchAutomation.Main" name="selectTravellerAndClass" time="0.009"/>
  <testcase classname="flightSearchAutomation.Main" name="selectReturnDate" time="0.008"/>
  <testcase classname="flightSearchAutomation.Main" name="selectSearch" time="0.012"/>
  <testcase classname="flightSearchAutomation.Main" name="switchWindow" time="0.007"/>
  <testcase classname="flightSearchAutomation.Main" name="retriveDetails" time="20.121"/>
</testsuite> <!-- FlightSearchTests -->
