<?xml version="1.0" encoding="UTF-8"?>
<testng-results ignored="0" total="9" passed="9" failed="0" skipped="0">
  <reporter-output>
  </reporter-output>
  <suite started-at="2025-04-01T11:58:32 IST" name="Default suite" finished-at="2025-04-01T11:59:08 IST" duration-ms="36119">
    <groups>
    </groups>
    <test started-at="2025-04-01T11:58:32 IST" name="Default test" finished-at="2025-04-01T11:59:08 IST" duration-ms="36119">
      <class name="flightSearchAutomation.Main">
        <test-method is-config="true" signature="driverSetup()[pri:0, instance:flightSearchAutomation.Main@3cd3e762]" started-at="2025-04-01T11:58:32 IST" name="driverSetup" finished-at="2025-04-01T11:58:39 IST" duration-ms="6619" status="PASS">
          <reporter-output>
          </reporter-output>
        </test-method> <!-- driverSetup -->
        <test-method signature="launchWebsite()[pri:1, instance:flightSearchAutomation.Main@3cd3e762]" started-at="2025-04-01T11:58:39 IST" name="launchWebsite" finished-at="2025-04-01T11:58:42 IST" duration-ms="3157" status="PASS">
          <reporter-output>
          </reporter-output>
        </test-method> <!-- launchWebsite -->
        <test-method signature="selectDeparturePlace()[pri:2, instance:flightSearchAutomation.Main@3cd3e762]" started-at="2025-04-01T11:58:42 IST" name="selectDeparturePlace" finished-at="2025-04-01T11:58:43 IST" duration-ms="803" status="PASS">
          <reporter-output>
          </reporter-output>
        </test-method> <!-- selectDeparturePlace -->
        <test-method signature="selectDestinationPlace()[pri:3, instance:flightSearchAutomation.Main@3cd3e762]" started-at="2025-04-01T11:58:43 IST" name="selectDestinationPlace" finished-at="2025-04-01T11:58:43 IST" duration-ms="546" status="PASS">
          <reporter-output>
          </reporter-output>
        </test-method> <!-- selectDestinationPlace -->
        <test-method signature="selectDepartureDate()[pri:4, instance:flightSearchAutomation.Main@3cd3e762]" started-at="2025-04-01T11:58:43 IST" name="selectDepartureDate" finished-at="2025-04-01T11:58:44 IST" duration-ms="1174" status="PASS">
          <reporter-output>
          </reporter-output>
        </test-method> <!-- selectDepartureDate -->
        <test-method signature="selectTravelAndClass()[pri:5, instance:flightSearchAutomation.Main@3cd3e762]" started-at="2025-04-01T11:58:44 IST" name="selectTravelAndClass" finished-at="2025-04-01T11:58:46 IST" duration-ms="1612" status="PASS">
          <reporter-output>
          </reporter-output>
        </test-method> <!-- selectTravelAndClass -->
        <test-method signature="selectReturnDate()[pri:6, instance:flightSearchAutomation.Main@3cd3e762]" started-at="2025-04-01T11:58:46 IST" name="selectReturnDate" finished-at="2025-04-01T11:58:47 IST" duration-ms="1080" status="PASS">
          <reporter-output>
          </reporter-output>
        </test-method> <!-- selectReturnDate -->
        <test-method signature="selectSearch()[pri:7, instance:flightSearchAutomation.Main@3cd3e762]" started-at="2025-04-01T11:58:47 IST" name="selectSearch" finished-at="2025-04-01T11:58:47 IST" duration-ms="354" status="PASS">
          <reporter-output>
          </reporter-output>
        </test-method> <!-- selectSearch -->
        <test-method signature="switchWindow()[pri:8, instance:flightSearchAutomation.Main@3cd3e762]" started-at="2025-04-01T11:58:47 IST" name="switchWindow" finished-at="2025-04-01T11:58:51 IST" duration-ms="3275" status="PASS">
          <reporter-output>
          </reporter-output>
        </test-method> <!-- switchWindow -->
        <test-method signature="retriveDetails()[pri:9, instance:flightSearchAutomation.Main@3cd3e762]" started-at="2025-04-01T11:58:51 IST" name="retriveDetails" finished-at="2025-04-01T11:59:08 IST" duration-ms="16959" status="PASS">
          <reporter-output>
          </reporter-output>
        </test-method> <!-- retriveDetails -->
        <test-method is-config="true" signature="quitBrowser()[pri:0, instance:flightSearchAutomation.Main@3cd3e762]" started-at="2025-04-01T11:59:08 IST" name="quitBrowser" finished-at="2025-04-01T11:59:08 IST" duration-ms="453" status="PASS">
          <reporter-output>
          </reporter-output>
        </test-method> <!-- quitBrowser -->
      </class> <!-- flightSearchAutomation.Main -->
    </test> <!-- Default test -->
  </suite> <!-- Default suite -->
</testng-results>
