<?xml version="1.0" encoding="UTF-8"?>
<!-- Generated by org.testng.reporters.JUnitXMLReporter -->
<testsuite ignored="0" hostname="LTIN593500" failures="0" tests="9" name="Default test" time="36.119" errors="0" timestamp="2025-04-01T11:59:08 IST">
  <testcase classname="flightSearchAutomation.Main" name="launchWebsite" time="3.157"/>
  <testcase classname="flightSearchAutomation.Main" name="selectDeparturePlace" time="0.803"/>
  <testcase classname="flightSearchAutomation.Main" name="selectDestinationPlace" time="0.546"/>
  <testcase classname="flightSearchAutomation.Main" name="selectDepartureDate" time="1.174"/>
  <testcase classname="flightSearchAutomation.Main" name="selectTravelAndClass" time="1.612"/>
  <testcase classname="flightSearchAutomation.Main" name="selectReturnDate" time="1.08"/>
  <testcase classname="flightSearchAutomation.Main" name="selectSearch" time="0.354"/>
  <testcase classname="flightSearchAutomation.Main" name="switchWindow" time="3.275"/>
  <testcase classname="flightSearchAutomation.Main" name="retriveDetails" time="16.959"/>
</testsuite> <!-- Default test -->
