<?xml version="1.0" encoding="UTF-8"?>
<!-- Generated by org.testng.reporters.JUnitXMLReporter -->
<testsuite ignored="0" hostname="LTIN593500" failures="0" tests="17" name="EdgeTest" time="92.713" errors="0" timestamp="2025-04-13T14:50:23 IST">
  <testcase classname="InsuranceAutomation.CarInsuranceTest" name="testHomePage" time="1.965"/>
  <testcase classname="InsuranceAutomation.CarInsuranceTest" name="testCarNavigation" time="2.102"/>
  <testcase classname="InsuranceAutomation.CarInsuranceTest" name="testCarDetailsEntry" time="12.688"/>
  <testcase classname="InsuranceAutomation.CarInsuranceTest" name="testCarErrorMessages" time="0.838"/>
  <testcase classname="InsuranceAutomation.HealthInsuranceTest" name="testHomePage" time="2.039"/>
  <testcase classname="InsuranceAutomation.HealthInsuranceTest" name="testHealthDetailsEntry" time="8.728"/>
  <testcase classname="InsuranceAutomation.HealthInsuranceTest" name="testHealthErrorMessages" time="3.488"/>
  <testcase classname="InsuranceAutomation.BikeInsuranceTest" name="testHomePage" time="2.333"/>
  <testcase classname="InsuranceAutomation.BikeInsuranceTest" name="testBikeNavigation" time="2.215"/>
  <testcase classname="InsuranceAutomation.BikeInsuranceTest" name="testBikeDetailsEntry" time="6.718"/>
  <testcase classname="InsuranceAutomation.BikeInsuranceTest" name="testBikeRegistrationDetailsEntry" time="2.679"/>
  <testcase classname="InsuranceAutomation.BikeInsuranceTest" name="testBikePolicyExpiredDetailsEntry" time="3.678"/>
  <testcase classname="InsuranceAutomation.BikeInsuranceTest" name="testBikePlanResult" time="2.801"/>
  <testcase classname="InsuranceAutomation.TermLifeInsuranceTest" name="testHomePage" time="2.169"/>
  <testcase classname="InsuranceAutomation.TermLifeInsuranceTest" name="testTermLifeNavigation" time="2.283"/>
  <testcase classname="InsuranceAutomation.TermLifeInsuranceTest" name="testTermLifeDetailsEntry" time="5.366"/>
  <testcase classname="InsuranceAutomation.TermLifeInsuranceTest" name="testTermLifeErrorMessages" time="0.922"/>
</testsuite> <!-- EdgeTest -->
